<?xml version="1.0" encoding="UTF-8"?>
<!-- Generated by org.testng.reporters.JUnitXMLReporter -->
<testsuite hostname="shashank" name="Test" tests="15" failures="3" timestamp="8 Apr 2019 09:43:46 GMT" time="4.063" errors="0">
  <testcase name="paytableWinHighlight" time="0.329" classname="com.game.testcases.RunWithSetTestData"/>
  <testcase name="paytableWinHighlight" time="0.282" classname="com.game.testcases.RunWithSetTestData"/>
  <testcase name="paytableWinHighlight" time="0.272" classname="com.game.testcases.RunWithSetTestData"/>
  <testcase name="paytableWinHighlight" time="0.26" classname="com.game.testcases.RunWithSetTestData">
    <failure type="java.lang.AssertionError" message="expected [true] but found [false]">
      <![CDATA[java.lang.AssertionError: expected [true] but found [false]
	at com.game.testcases.RunWithSetTestData.paytableWinHighlight(RunWithSetTestData.java:171)
... Removed 28 stack frames]]>
    </failure>
  </testcase> <!-- paytableWinHighlight -->
  <testcase name="paytableWinHighlight" time="0.287" classname="com.game.testcases.RunWithSetTestData"/>
  <testcase name="paytableWinHighlight" time="0.393" classname="com.game.testcases.RunWithSetTestData"/>
  <testcase name="paytableWinHighlight" time="0.234" classname="com.game.testcases.RunWithSetTestData"/>
  <testcase name="paytableWinHighlight" time="0.266" classname="com.game.testcases.RunWithSetTestData"/>
  <testcase name="paytableWinHighlight" time="0.234" classname="com.game.testcases.RunWithSetTestData"/>
  <testcase name="paytableWinHighlight" time="0.234" classname="com.game.testcases.RunWithSetTestData"/>
  <testcase name="paytableWinHighlight" time="0.25" classname="com.game.testcases.RunWithSetTestData">
    <failure type="java.lang.AssertionError" message="expected [true] but found [false]">
      <![CDATA[java.lang.AssertionError: expected [true] but found [false]
	at com.game.testcases.RunWithSetTestData.paytableWinHighlight(RunWithSetTestData.java:171)
... Removed 28 stack frames]]>
    </failure>
  </testcase> <!-- paytableWinHighlight -->
  <testcase name="paytableWinHighlight" time="0.235" classname="com.game.testcases.RunWithSetTestData"/>
  <testcase name="paytableWinHighlight" time="0.228" classname="com.game.testcases.RunWithSetTestData"/>
  <testcase name="paytableWinHighlight" time="0.25" classname="com.game.testcases.RunWithSetTestData"/>
  <testcase name="paytableWinHighlight" time="0.219" classname="com.game.testcases.RunWithSetTestData">
    <failure type="java.lang.AssertionError" message="expected [true] but found [false]">
      <![CDATA[java.lang.AssertionError: expected [true] but found [false]
	at com.game.testcases.RunWithSetTestData.paytableWinHighlight(RunWithSetTestData.java:171)
... Removed 28 stack frames]]>
    </failure>
  </testcase> <!-- paytableWinHighlight -->
</testsuite> <!-- Test -->
