<?xml version="1.0" encoding="UTF-8"?>
<!-- Generated by org.testng.reporters.JUnitXMLReporter -->
<testsuite hostname="shashank" name="Test" tests="15" failures="3" timestamp="7 Apr 2019 15:57:29 GMT" time="3.556" errors="0">
  <testcase name="wonCombinationHighlight" time="0.385" classname="com.game.testcases.RunWithSetTestData"/>
  <testcase name="wonCombinationHighlight" time="0.222" classname="com.game.testcases.RunWithSetTestData"/>
  <testcase name="wonCombinationHighlight" time="0.233" classname="com.game.testcases.RunWithSetTestData"/>
  <testcase name="wonCombinationHighlight" time="0.253" classname="com.game.testcases.RunWithSetTestData">
    <failure type="java.lang.AssertionError" message="expected [true] but found [false]">
      <![CDATA[java.lang.AssertionError: expected [true] but found [false]
	at com.game.testcases.RunWithSetTestData.wonCombinationHighlight(RunWithSetTestData.java:178)
... Removed 28 stack frames]]>
    </failure>
  </testcase> <!-- wonCombinationHighlight -->
  <testcase name="wonCombinationHighlight" time="0.206" classname="com.game.testcases.RunWithSetTestData"/>
  <testcase name="wonCombinationHighlight" time="0.209" classname="com.game.testcases.RunWithSetTestData"/>
  <testcase name="wonCombinationHighlight" time="0.225" classname="com.game.testcases.RunWithSetTestData"/>
  <testcase name="wonCombinationHighlight" time="0.227" classname="com.game.testcases.RunWithSetTestData"/>
  <testcase name="wonCombinationHighlight" time="0.212" classname="com.game.testcases.RunWithSetTestData"/>
  <testcase name="wonCombinationHighlight" time="0.198" classname="com.game.testcases.RunWithSetTestData"/>
  <testcase name="wonCombinationHighlight" time="0.204" classname="com.game.testcases.RunWithSetTestData">
    <failure type="java.lang.AssertionError" message="expected [true] but found [false]">
      <![CDATA[java.lang.AssertionError: expected [true] but found [false]
	at com.game.testcases.RunWithSetTestData.wonCombinationHighlight(RunWithSetTestData.java:178)
... Removed 28 stack frames]]>
    </failure>
  </testcase> <!-- wonCombinationHighlight -->
  <testcase name="wonCombinationHighlight" time="0.198" classname="com.game.testcases.RunWithSetTestData"/>
  <testcase name="wonCombinationHighlight" time="0.261" classname="com.game.testcases.RunWithSetTestData"/>
  <testcase name="wonCombinationHighlight" time="0.249" classname="com.game.testcases.RunWithSetTestData"/>
  <testcase name="wonCombinationHighlight" time="0.218" classname="com.game.testcases.RunWithSetTestData">
    <failure type="java.lang.AssertionError" message="expected [true] but found [false]">
      <![CDATA[java.lang.AssertionError: expected [true] but found [false]
	at com.game.testcases.RunWithSetTestData.wonCombinationHighlight(RunWithSetTestData.java:178)
... Removed 28 stack frames]]>
    </failure>
  </testcase> <!-- wonCombinationHighlight -->
</testsuite> <!-- Test -->
