<?xml version="1.0" encoding="UTF-8"?>
<!-- Generated by org.testng.reporters.JUnitXMLReporter -->
<testsuite hostname="shashank" name="Test" tests="30" failures="6" timestamp="7 Apr 2019 15:50:40 GMT" time="151.931" errors="0">
  <testcase name="setDataWin" time="5.872" classname="com.game.testcases.RunWithSetTestData"/>
  <testcase name="setDataWin" time="5.72" classname="com.game.testcases.RunWithSetTestData"/>
  <testcase name="setDataWin" time="5.717" classname="com.game.testcases.RunWithSetTestData"/>
  <testcase name="setDataWin" time="10.459" classname="com.game.testcases.RunWithSetTestData">
    <failure type="java.lang.AssertionError" message="Win Message is not displayed for combination22200">
      <![CDATA[java.lang.AssertionError: Win Message is not displayed for combination22200
	at com.game.testcases.RunWithSetTestData.setDataWin(RunWithSetTestData.java:103)
... Removed 25 stack frames]]>
    </failure>
  </testcase> <!-- setDataWin -->
  <testcase name="setDataWin" time="5.622" classname="com.game.testcases.RunWithSetTestData"/>
  <testcase name="setDataWin" time="5.577" classname="com.game.testcases.RunWithSetTestData"/>
  <testcase name="setDataWin" time="5.662" classname="com.game.testcases.RunWithSetTestData"/>
  <testcase name="setDataWin" time="5.596" classname="com.game.testcases.RunWithSetTestData"/>
  <testcase name="setDataWin" time="5.611" classname="com.game.testcases.RunWithSetTestData"/>
  <testcase name="setDataWin" time="5.671" classname="com.game.testcases.RunWithSetTestData"/>
  <testcase name="setDataWin" time="0.502" classname="com.game.testcases.RunWithSetTestData">
    <failure type="java.lang.AssertionError" message="expected [320] but found [240]">
      <![CDATA[java.lang.AssertionError: expected [320] but found [240]
	at com.game.testcases.RunWithSetTestData.setDataWin(RunWithSetTestData.java:114)
... Removed 30 stack frames]]>
    </failure>
  </testcase> <!-- setDataWin -->
  <testcase name="setDataWin" time="10.716" classname="com.game.testcases.RunWithSetTestData"/>
  <testcase name="setDataWin" time="5.592" classname="com.game.testcases.RunWithSetTestData"/>
  <testcase name="setDataWin" time="5.614" classname="com.game.testcases.RunWithSetTestData"/>
  <testcase name="setDataWin" time="0.532" classname="com.game.testcases.RunWithSetTestData">
    <failure type="java.lang.AssertionError" message="expected [500] but found [400]">
      <![CDATA[java.lang.AssertionError: expected [500] but found [400]
	at com.game.testcases.RunWithSetTestData.setDataWin(RunWithSetTestData.java:114)
... Removed 30 stack frames]]>
    </failure>
  </testcase> <!-- setDataWin -->
  <testcase name="wonCombinationHighlight" time="5.471" classname="com.game.testcases.RunWithSetTestData"/>
  <testcase name="wonCombinationHighlight" time="5.485" classname="com.game.testcases.RunWithSetTestData"/>
  <testcase name="wonCombinationHighlight" time="5.396" classname="com.game.testcases.RunWithSetTestData"/>
  <testcase name="wonCombinationHighlight" time="0.403" classname="com.game.testcases.RunWithSetTestData">
    <failure type="java.lang.AssertionError" message="expected [true] but found [false]">
      <![CDATA[java.lang.AssertionError: expected [true] but found [false]
	at com.game.testcases.RunWithSetTestData.wonCombinationHighlight(RunWithSetTestData.java:178)
... Removed 28 stack frames]]>
    </failure>
  </testcase> <!-- wonCombinationHighlight -->
  <testcase name="wonCombinationHighlight" time="5.475" classname="com.game.testcases.RunWithSetTestData"/>
  <testcase name="wonCombinationHighlight" time="5.473" classname="com.game.testcases.RunWithSetTestData"/>
  <testcase name="wonCombinationHighlight" time="5.653" classname="com.game.testcases.RunWithSetTestData"/>
  <testcase name="wonCombinationHighlight" time="5.292" classname="com.game.testcases.RunWithSetTestData"/>
  <testcase name="wonCombinationHighlight" time="5.283" classname="com.game.testcases.RunWithSetTestData"/>
  <testcase name="wonCombinationHighlight" time="5.652" classname="com.game.testcases.RunWithSetTestData"/>
  <testcase name="wonCombinationHighlight" time="0.403" classname="com.game.testcases.RunWithSetTestData">
    <failure type="java.lang.AssertionError" message="expected [true] but found [false]">
      <![CDATA[java.lang.AssertionError: expected [true] but found [false]
	at com.game.testcases.RunWithSetTestData.wonCombinationHighlight(RunWithSetTestData.java:178)
... Removed 28 stack frames]]>
    </failure>
  </testcase> <!-- wonCombinationHighlight -->
  <testcase name="wonCombinationHighlight" time="5.501" classname="com.game.testcases.RunWithSetTestData"/>
  <testcase name="wonCombinationHighlight" time="5.745" classname="com.game.testcases.RunWithSetTestData"/>
  <testcase name="wonCombinationHighlight" time="5.782" classname="com.game.testcases.RunWithSetTestData"/>
  <testcase name="wonCombinationHighlight" time="0.399" classname="com.game.testcases.RunWithSetTestData">
    <failure type="java.lang.AssertionError" message="expected [true] but found [false]">
      <![CDATA[java.lang.AssertionError: expected [true] but found [false]
	at com.game.testcases.RunWithSetTestData.wonCombinationHighlight(RunWithSetTestData.java:178)
... Removed 28 stack frames]]>
    </failure>
  </testcase> <!-- wonCombinationHighlight -->
</testsuite> <!-- Test -->
