<?xml version="1.0" encoding="UTF-8"?>
<!-- Generated by org.testng.reporters.JUnitXMLReporter -->
<testsuite hostname="shashank" name="Test" tests="1" failures="1" timestamp="2 Apr 2019 18:57:53 GMT" time="0.116" errors="0">
  <testcase name="setDataSpin" time="0.053" classname="com.game.testcases.runWithSetTestData">
    <failure type="java.lang.IllegalArgumentException" message="Cannot find elements when the XPath is null.">
      <![CDATA[java.lang.IllegalArgumentException: Cannot find elements when the XPath is null.
	at org.openqa.selenium.By$ByXPath.<init>(By.java:339)
	at org.openqa.selenium.By.xpath(By.java:92)
	at com.game.testcases.runWithSetTestData.setDataSpin(runWithSetTestData.java:37)
... Removed 24 stack frames]]>
    </failure>
  </testcase> <!-- setDataSpin -->
</testsuite> <!-- Test -->
